   0.000 2022-12-21 22:51:34; Factorio 1.1.74 (build 60256, mac-arm64, full)
   0.001 Operating system: OS X 13.0.0
   0.001 Program arguments: "/Applications/factorio.app/Contents/MacOS/factorio" 
   0.001 Config path: /Users/amandahartman/Library/Application Support/factorio/config/config.ini
   0.001 Read data path: /Applications/factorio.app/Contents/data
   0.001 Write data path: /Users/amandahartman/Library/Application Support/factorio [163252/233752MB]
   0.001 Binaries path: /Applications/factorio.app/Contents
   0.036 System info: [CPU: arm64, 8 cores, RAM: 24576 MB]
   0.036 Display options: [FullScreen: 1] [VSync: 1] [UIScale: automatic (100.0%)] [Native DPI: 0] [Screen: 255] [Special: lmW] [Lang: en]
   0.072 Available displays: 1
   0.078  [0]: 0 - {[0,0], 1470x956, SDL_PIXELFORMAT_ARGB8888, 60Hz, 0x0001(0x01)}
   1.039 Initialised OpenGL:[0] Apple M2; driver: 4.1 Metal - 83
   1.039   [Extensions] s3tc:yes; KHR_debug:NO; ARB_clear_texture:NO, ARB_copy_image:NO
   1.039   [Version] 4.1
   1.039 Graphics settings preset: very-high
   1.039   Dedicated video memory size 16384 MB (detected from Apple M2; VendorID: 0x1027f00)
   1.104 Graphics options: [Graphics quality: high] [Video memory usage: all] [DXT: high-quality] [Color: 32bit]
   1.104                   [Max threads (load/render): 32/8] [Max texture size: 0] [Tex.Stream.: 0] [Rotation quality: normal] [Other: STDCWT] [B:0,C:0,S:100]
   1.187 [Audio] Backend:SDL(default); Driver:coreaudio, Device:Default device, Depth:16, Channels:2, Frequency:44100
   1.304 Loading mod settings jetpack 0.3.8 (settings.lua)
   1.304 Loading mod settings Squeak Through 1.8.2 (settings.lua)
   1.304 Loading mod settings alien-biomes 0.6.8 (settings.lua)
   1.305 Loading mod core 0.0.0 (data.lua)
   1.326 Loading mod base 1.1.74 (data.lua)
   1.403 Loading mod alien-biomes-hr-terrain 0.6.1 (data.lua)
   1.411 Loading mod jetpack 0.3.8 (data.lua)
   1.419 Loading mod alien-biomes 0.6.8 (data.lua)
   1.421 Script @__alien-biomes__/data.lua:4: Log mods once: {
  ["Squeak Through"] = "1.8.2",
  ["alien-biomes"] = "0.6.8",
  ["alien-biomes-hr-terrain"] = "0.6.1",
  base = "1.1.74",
  jetpack = "0.3.8"
}
   1.534 Loading mod base 1.1.74 (data-updates.lua)
   1.544 Loading mod Squeak Through 1.8.2 (data-updates.lua)
   1.555 Loading mod alien-biomes 0.6.8 (data-updates.lua)
   1.567 Loading mod jetpack 0.3.8 (data-final-fixes.lua)
   1.580 Loading mod alien-biomes 0.6.8 (data-final-fixes.lua)
   1.583 Script @__alien-biomes__/collision-mask-util-extended/data/collision-mask-util-extended.lua:133: Named collision layer [vehicle-layer] set to layer [layer-13]
   1.596 Script @__alien-biomes__/data-final-fixes.lua:300: Setting decals to layer 163
   1.596 Script @__alien-biomes__/data-final-fixes.lua:407: logging tile layers
   1.599 Script @__alien-biomes__/data-final-fixes.lua:412: {
  ["layer 0"] = "out-of-map",
  ["layer 1"] = "water, water-green",
  ["layer 2"] = "deepwater, deepwater-green",
  ["layer 3"] = "water-wube",
  ["layer 4"] = "water-shallow",
  ["layer 5"] = "water-mud",
  ["layer 6"] = "grass-1",
  ["layer 7"] = "mineral-purple-dirt-1",
  ["layer 8"] = "mineral-purple-dirt-2",
  ["layer 9"] = "mineral-purple-dirt-3",
  ["layer 10"] = "mineral-purple-dirt-4",
  ["layer 11"] = "mineral-purple-dirt-5",
  ["layer 12"] = "mineral-purple-dirt-6",
  ["layer 13"] = "mineral-purple-sand-1",
  ["layer 14"] = "mineral-purple-sand-2",
  ["layer 15"] = "mineral-purple-sand-3",
  ["layer 16"] = "mineral-violet-dirt-1",
  ["layer 17"] = "mineral-violet-dirt-2",
  ["layer 18"] = "mineral-violet-dirt-3",
  ["layer 19"] = "mineral-violet-dirt-4",
  ["layer 20"] = "mineral-violet-dirt-5",
  ["layer 21"] = "mineral-violet-dirt-6",
  ["layer 22"] = "mineral-violet-sand-1",
  ["layer 23"] = "mineral-violet-sand-2",
  ["layer 24"] = "mineral-violet-sand-3",
  ["layer 25"] = "mineral-red-dirt-1",
  ["layer 26"] = "mineral-red-dirt-2",
  ["layer 27"] = "mineral-red-dirt-3",
  ["layer 28"] = "mineral-red-dirt-4",
  ["layer 29"] = "mineral-red-dirt-5",
  ["layer 30"] = "mineral-red-dirt-6",
  ["layer 31"] = "mineral-red-sand-1",
  ["layer 32"] = "mineral-red-sand-2",
  ["layer 33"] = "mineral-red-sand-3",
  ["layer 34"] = "mineral-brown-dirt-1",
  ["layer 35"] = "mineral-brown-dirt-2",
  ["layer 36"] = "mineral-brown-dirt-3",
  ["layer 37"] = "mineral-brown-dirt-4",
  ["layer 38"] = "mineral-brown-dirt-5",
  ["layer 39"] = "mineral-brown-dirt-6",
  ["layer 40"] = "mineral-brown-sand-1",
  ["layer 41"] = "mineral-brown-sand-2",
  ["layer 42"] = "mineral-brown-sand-3",
  ["layer 43"] = "mineral-tan-dirt-1",
  ["layer 44"] = "mineral-tan-dirt-2",
  ["layer 45"] = "mineral-tan-dirt-3",
  ["layer 46"] = "mineral-tan-dirt-4",
  ["layer 47"] = "mineral-tan-dirt-5",
  ["layer 48"] = "mineral-tan-dirt-6",
  ["layer 49"] = "mineral-tan-sand-1",
  ["layer 50"] = "mineral-tan-sand-2",
  ["layer 51"] = "mineral-tan-sand-3",
  ["layer 52"] = "mineral-aubergine-dirt-1",
  ["layer 53"] = "mineral-aubergine-dirt-2",
  ["layer 54"] = "mineral-aubergine-dirt-3",
  ["layer 55"] = "mineral-aubergine-dirt-4",
  ["layer 56"] = "mineral-aubergine-dirt-5",
  ["layer 57"] = "mineral-aubergine-dirt-6",
  ["layer 58"] = "mineral-aubergine-sand-1",
  ["layer 59"] = "mineral-aubergine-sand-2",
  ["layer 60"] = "mineral-aubergine-sand-3",
  ["layer 61"] = "mineral-dustyrose-dirt-1",
  ["layer 62"] = "mineral-dustyrose-dirt-2",
  ["layer 63"] = "mineral-dustyrose-dirt-3",
  ["layer 64"] = "mineral-dustyrose-dirt-4",
  ["layer 65"] = "mineral-dustyrose-dirt-5",
  ["layer 66"] = "mineral-dustyrose-dirt-6",
  ["layer 67"] = "mineral-dustyrose-sand-1",
  ["layer 68"] = "mineral-dustyrose-sand-2",
  ["layer 69"] = "mineral-dustyrose-sand-3",
  ["layer 70"] = "mineral-beige-dirt-1",
  ["layer 71"] = "mineral-beige-dirt-2",
  ["layer 72"] = "mineral-beige-dirt-3",
  ["layer 73"] = "mineral-beige-dirt-4",
  ["layer 74"] = "mineral-beige-dirt-5",
  ["layer 75"] = "mineral-beige-dirt-6",
  ["layer 76"] = "mineral-beige-sand-1",
  ["layer 77"] = "mineral-beige-sand-2",
  ["layer 78"] = "mineral-beige-sand-3",
  ["layer 79"] = "mineral-cream-dirt-1",
  ["layer 80"] = "mineral-cream-dirt-2",
  ["layer 81"] = "mineral-cream-dirt-3",
  ["layer 82"] = "mineral-cream-dirt-4",
  ["layer 83"] = "mineral-cream-dirt-5",
  ["layer 84"] = "mineral-cream-dirt-6",
  ["layer 85"] = "mineral-cream-sand-1",
  ["layer 86"] = "mineral-cream-sand-2",
  ["layer 87"] = "mineral-cream-sand-3",
  ["layer 88"] = "mineral-black-dirt-1",
  ["layer 89"] = "mineral-black-dirt-2",
  ["layer 90"] = "mineral-black-dirt-3",
  ["layer 91"] = "mineral-black-dirt-4",
  ["layer 92"] = "mineral-black-dirt-5",
  ["layer 93"] = "mineral-black-dirt-6",
  ["layer 94"] = "mineral-black-sand-1",
  ["layer 95"] = "mineral-black-sand-2",
  ["layer 96"] = "mineral-black-sand-3",
  ["layer 97"] = "mineral-grey-dirt-1",
  ["layer 98"] = "mineral-grey-dirt-2",
  ["layer 99"] = "mineral-grey-dirt-3",
  ["layer 100"] = "mineral-grey-dirt-4",
  ["layer 101"] = "mineral-grey-dirt-5",
  ["layer 102"] = "mineral-grey-dirt-6",
  ["layer 103"] = "mineral-grey-sand-1",
  ["layer 104"] = "mineral-grey-sand-2",
  ["layer 105"] = "mineral-grey-sand-3",
  ["layer 106"] = "mineral-white-dirt-1",
  ["layer 107"] = "mineral-white-dirt-2",
  ["layer 108"] = "mineral-white-dirt-3",
  ["layer 109"] = "mineral-white-dirt-4",
  ["layer 110"] = "mineral-white-dirt-5",
  ["layer 111"] = "mineral-white-dirt-6",
  ["layer 112"] = "mineral-white-sand-1",
  ["layer 113"] = "mineral-white-sand-2",
  ["layer 114"] = "mineral-white-sand-3",
  ["layer 115"] = "vegetation-turquoise-grass-1",
  ["layer 116"] = "vegetation-turquoise-grass-2",
  ["layer 117"] = "vegetation-green-grass-1",
  ["layer 118"] = "vegetation-green-grass-2",
  ["layer 119"] = "vegetation-green-grass-3",
  ["layer 120"] = "vegetation-green-grass-4",
  ["layer 121"] = "vegetation-olive-grass-1",
  ["layer 122"] = "vegetation-olive-grass-2",
  ["layer 123"] = "vegetation-yellow-grass-1",
  ["layer 124"] = "vegetation-yellow-grass-2",
  ["layer 125"] = "vegetation-orange-grass-1",
  ["layer 126"] = "vegetation-orange-grass-2",
  ["layer 127"] = "vegetation-red-grass-1",
  ["layer 128"] = "vegetation-red-grass-2",
  ["layer 129"] = "vegetation-violet-grass-1",
  ["layer 130"] = "vegetation-violet-grass-2",
  ["layer 131"] = "vegetation-purple-grass-1",
  ["layer 132"] = "vegetation-purple-grass-2",
  ["layer 133"] = "vegetation-mauve-grass-1",
  ["layer 134"] = "vegetation-mauve-grass-2",
  ["layer 135"] = "vegetation-blue-grass-1",
  ["layer 136"] = "vegetation-blue-grass-2",
  ["layer 137"] = "volcanic-orange-heat-1",
  ["layer 138"] = "volcanic-orange-heat-2",
  ["layer 139"] = "volcanic-orange-heat-3",
  ["layer 140"] = "volcanic-orange-heat-4",
  ["layer 141"] = "volcanic-green-heat-1",
  ["layer 142"] = "volcanic-green-heat-2",
  ["layer 143"] = "volcanic-green-heat-3",
  ["layer 144"] = "volcanic-green-heat-4",
  ["layer 145"] = "volcanic-blue-heat-1",
  ["layer 146"] = "volcanic-blue-heat-2",
  ["layer 147"] = "volcanic-blue-heat-3",
  ["layer 148"] = "volcanic-blue-heat-4",
  ["layer 149"] = "volcanic-purple-heat-1",
  ["layer 150"] = "volcanic-purple-heat-2",
  ["layer 151"] = "volcanic-purple-heat-3",
  ["layer 152"] = "volcanic-purple-heat-4",
  ["layer 153"] = "frozen-snow-0",
  ["layer 154"] = "frozen-snow-1",
  ["layer 155"] = "frozen-snow-2",
  ["layer 156"] = "frozen-snow-3",
  ["layer 157"] = "frozen-snow-4",
  ["layer 158"] = "frozen-snow-5",
  ["layer 159"] = "frozen-snow-6",
  ["layer 160"] = "frozen-snow-7",
  ["layer 161"] = "frozen-snow-8",
  ["layer 162"] = "frozen-snow-9",
  ["layer 163"] = "landfill",
  ["layer 164"] = "tile-unknown",
  ["layer 165"] = "sand-1",
  ["layer 166"] = "sand-2",
  ["layer 167"] = "sand-3",
  ["layer 168"] = "red-desert-1",
  ["layer 169"] = "red-desert-2",
  ["layer 170"] = "red-desert-3",
  ["layer 171"] = "dry-dirt",
  ["layer 172"] = "dirt-1",
  ["layer 173"] = "dirt-2",
  ["layer 174"] = "dirt-3",
  ["layer 175"] = "dirt-4",
  ["layer 176"] = "dirt-5",
  ["layer 177"] = "dirt-6",
  ["layer 178"] = "dirt-7",
  ["layer 179"] = "grass-2",
  ["layer 180"] = "grass-3",
  ["layer 181"] = "grass-4",
  ["layer 182"] = "red-desert-0",
  ["layer 183"] = "nuclear-ground",
  ["layer 184"] = "tutorial-grid",
  ["layer 185"] = "stone-path",
  ["layer 186"] = "concrete",
  ["layer 187"] = "hazard-concrete-left, hazard-concrete-right",
  ["layer 188"] = "refined-concrete",
  ["layer 189"] = "refined-hazard-concrete-left, refined-hazard-concrete-right",
  ["layer 190"] = "red-refined-concrete",
  ["layer 191"] = "lab-dark-1",
  ["layer 192"] = "lab-dark-2",
  ["layer 193"] = "lab-white",
  ["layer 194"] = "green-refined-concrete",
  ["layer 195"] = "blue-refined-concrete",
  ["layer 196"] = "orange-refined-concrete",
  ["layer 197"] = "yellow-refined-concrete",
  ["layer 198"] = "pink-refined-concrete",
  ["layer 199"] = "purple-refined-concrete",
  ["layer 200"] = "black-refined-concrete",
  ["layer 201"] = "brown-refined-concrete",
  ["layer 202"] = "cyan-refined-concrete",
  ["layer 203"] = "acid-refined-concrete"
}
   1.662 Checksum for core: 870127790
   1.662 Checksum of base: 4211423066
   1.662 Checksum of alien-biomes-hr-terrain: 2010945986
   1.662 Checksum of jetpack: 261709526
   1.662 Checksum of Squeak Through: 2759453103
   1.662 Checksum of alien-biomes: 793539720
   1.792 Prototype list checksum: 597804193
   1.829 Loading sounds...
   1.854 Info PlayerData.cpp:71: Local player-data.json available, timestamp 1671679051
   1.854 Info PlayerData.cpp:78: Cloud player-data.json unavailable
   1.979 Initial atlas bitmap size is 16384
   1.988 Created atlas bitmap 16384x16360 [none]
   1.989 Created atlas bitmap 16384x13472 [none]
   1.989 Created atlas bitmap 16384x4972 [decal]
   1.990 Created atlas bitmap 16384x5760 [low-object]
   1.990 Created atlas bitmap 16384x4048 [mipmap, linear-minification, linear-magnification, linear-mip-level]
   1.992 Created atlas bitmap 16384x16304 [terrain, mipmap, linear-minification, linear-mip-level]
   1.992 Created atlas bitmap 16384x5872 [terrain, mipmap, linear-minification, linear-mip-level]
   1.992 Created atlas bitmap 8192x1920 [terrain-effect-map, mipmap, linear-minification, linear-mip-level]
   1.993 Created atlas bitmap 4096x1840 [smoke, mipmap, linear-minification, linear-magnification]
   1.993 Created atlas bitmap 8192x3024 [mipmap]
   1.993 Created atlas bitmap 8192x2272 [icon, not-compressed, mipmap, linear-minification, linear-magnification, linear-mip-level]
   1.993 Created atlas bitmap 8192x1632 [alpha-mask]
   1.994 Created atlas bitmap 16384x14800 [shadow, linear-magnification, alpha-mask]
   1.994 Created atlas bitmap 16384x4016 [shadow, mipmap, linear-magnification, alpha-mask]
   1.994 Created atlas bitmap 2048x240 [icon-background, not-compressed, mipmap, linear-minification, linear-magnification, linear-mip-level, ]
   1.996 Texture processor created (2048). GPU accelerated compression Supported: yes, Enabled: yes/yes. Test passed. YCoCgDXT PSNR: 36.09, BC3 PSNR: 33.82
   2.584 Parallel Sprite Loader initialized (threads: 7)
  11.328 Warning! Sprite at {0,0; 64x64} from __jetpack__/graphics/icons/jetpack-1.png is defined with 4 mipmap levels, but level 1 is expected to be at {64,0; 32x32} which is out of bounds of the source image.
  11.328 Warning! Sprite at {0,0; 64x64} from __jetpack__/graphics/icons/jetpack-2.png is defined with 4 mipmap levels, but level 1 is expected to be at {64,0; 32x32} which is out of bounds of the source image.
  11.328 Warning! Sprite at {0,0; 64x64} from __jetpack__/graphics/icons/jetpack-3.png is defined with 4 mipmap levels, but level 1 is expected to be at {64,0; 32x32} which is out of bounds of the source image.
  11.328 Warning! Sprite at {0,0; 64x64} from __jetpack__/graphics/icons/jetpack-4.png is defined with 4 mipmap levels, but level 1 is expected to be at {64,0; 32x32} which is out of bounds of the source image.
  11.328 Warning! Sprite at {0,0; 128x128} from __jetpack__/graphics/technology/jetpack-1.png is defined with 4 mipmap levels, but level 1 is expected to be at {128,0; 64x64} which is out of bounds of the source image.
  11.328 Warning! Sprite at {0,0; 128x128} from __jetpack__/graphics/technology/jetpack-2.png is defined with 4 mipmap levels, but level 1 is expected to be at {128,0; 64x64} which is out of bounds of the source image.
  11.328 Warning! Sprite at {0,0; 128x128} from __jetpack__/graphics/technology/jetpack-3.png is defined with 4 mipmap levels, but level 1 is expected to be at {128,0; 64x64} which is out of bounds of the source image.
  11.328 Warning! Sprite at {0,0; 128x128} from __jetpack__/graphics/technology/jetpack-4.png is defined with 4 mipmap levels, but level 1 is expected to be at {128,0; 64x64} which is out of bounds of the source image.
  11.358 Sprites loaded
  11.382 Generated mipmaps (4) for atlas [3] of size 16384x5760   
  11.393 Generated mipmaps (3) for atlas [4] of size 16384x4048   
  11.424 Generated mipmaps (3) for atlas [5] of size 16384x16304   
  11.436 Generated mipmaps (3) for atlas [6] of size 16384x5872   
  11.438 Generated mipmaps (3) for atlas [7] of size 8192x1920   
  11.442 Generated mipmaps (3) for atlas [8] of size 4096x1840   
  11.492 Generated mipmaps (3) for atlas [9] of size 8192x3024   
  11.507 Generated mipmaps (5) for atlas [10] of size 8192x2272   
  11.512 Generated mipmaps (3) for atlas [13] of size 16384x4016   
  11.516 Custom mipmaps uploaded.
  11.520 Custom inputs active: 1
  11.615 Factorio initialised
  11.615 Info HttpSharedState.cpp:54: Downloading https://updater.factorio.com/updater/get-available-versions?username=jpericles&token=<private>&apiVersion=2
  12.479 0 packages available to download (experimental updates disabled).
  14.870 Loading map /Users/amandahartman/Library/Application Support/factorio/saves/New World.zip: 5381855 bytes.
  14.891 Loading level.dat: 11231366 bytes.
  14.894 Info Scenario.cpp:199: Map version 1.1.74-1
  14.977 Loading script.dat: 1666 bytes.
  14.978 Checksum for script /Users/amandahartman/Library/Application Support/factorio/temp/currently-playing/control.lua: 2881393120
  14.981 Checksum for script __jetpack__/control.lua: 2363448258
  14.982 Checksum for script __alien-biomes__/control.lua: 1814481397
 402.159 Info AppManager.cpp:306: Saving to _autosave1 (blocking).
 402.347 Info AppManagerStates.cpp:1903: Saving finished
 540.725 Info AppManagerStates.cpp:1903: Saving finished
 548.398 Loading map /Users/amandahartman/Library/Application Support/factorio/saves/New World.zip: 5227531 bytes.
 548.418 Loading level.dat: 11260490 bytes.
 548.421 Info Scenario.cpp:199: Map version 1.1.74-1
 548.494 Loading script.dat: 1666 bytes.
 548.495 Checksum for script /Users/amandahartman/Library/Application Support/factorio/temp/currently-playing/control.lua: 2881393120
 548.498 Checksum for script __jetpack__/control.lua: 2363448258
 548.498 Checksum for script __alien-biomes__/control.lua: 1814481397
 557.734 Loading level.dat: 11246817 bytes.
 557.734 Info Scenario.cpp:199: Map version 1.1.74-1
 557.947 Loading script.dat: 1666 bytes.
 557.948 Checksum for script /Users/amandahartman/Library/Application Support/factorio/temp/currently-playing/control.lua: 2881393120
 557.951 Checksum for script __jetpack__/control.lua: 2363448258
 557.951 Checksum for script __alien-biomes__/control.lua: 1814481397
 558.009 Script @__core__/lualib/util.lua:264: Item to insert not valid: kr-shelter
 582.120 Loading map /Users/amandahartman/Library/Application Support/factorio/saves/New World.zip: 5227531 bytes.
 582.138 Loading level.dat: 11260490 bytes.
 582.141 Info Scenario.cpp:199: Map version 1.1.74-1
 582.212 Loading script.dat: 1666 bytes.
 582.213 Checksum for script /Users/amandahartman/Library/Application Support/factorio/temp/currently-playing/control.lua: 2881393120
 582.216 Checksum for script __jetpack__/control.lua: 2363448258
 582.216 Checksum for script __alien-biomes__/control.lua: 1814481397
 720.548 Loading map /Users/amandahartman/Library/Application Support/factorio/saves/New World.zip: 5227531 bytes.
 720.575 Loading level.dat: 11260490 bytes.
 720.578 Info Scenario.cpp:199: Map version 1.1.74-1
 720.652 Loading script.dat: 1666 bytes.
 720.653 Checksum for script /Users/amandahartman/Library/Application Support/factorio/temp/currently-playing/control.lua: 2881393120
 720.656 Checksum for script __jetpack__/control.lua: 2363448258
 720.656 Checksum for script __alien-biomes__/control.lua: 1814481397
 907.259 Info AppManager.cpp:306: Saving to _autosave2 (blocking).
 907.454 Info AppManagerStates.cpp:1903: Saving finished
1242.276 Info AppManager.cpp:306: Saving to _autosave3 (blocking).
1242.453 Info AppManagerStates.cpp:1903: Saving finished
1542.426 Info AppManager.cpp:306: Saving to _autosave1 (blocking).
1542.592 Info AppManagerStates.cpp:1903: Saving finished
1887.126 Info AppManager.cpp:306: Saving to _autosave2 (blocking).
1887.281 Info AppManagerStates.cpp:1903: Saving finished
2187.276 Info AppManager.cpp:306: Saving to _autosave3 (blocking).
2187.479 Info AppManagerStates.cpp:1903: Saving finished
2487.476 Info AppManager.cpp:306: Saving to _autosave1 (blocking).
2487.683 Info AppManagerStates.cpp:1903: Saving finished
2792.976 Info AppManager.cpp:306: Saving to _autosave2 (blocking).
2793.153 Info AppManagerStates.cpp:1903: Saving finished
3096.342 Info AppManager.cpp:306: Saving to _autosave3 (blocking).
3096.526 Info AppManagerStates.cpp:1903: Saving finished
3403.759 Info AppManager.cpp:306: Saving to _autosave1 (blocking).
3403.957 Info AppManagerStates.cpp:1903: Saving finished
3567.244 Info AppManagerStates.cpp:1903: Saving finished
3571.200 Quitting: user-quit.
3571.422 Goodbye
